<?xml version="1.0" encoding="UTF-8"?>
<testsuites name="Mocha Tests" time="0.0000" tests="1" failures="1">
  <testsuite name="Root Suite" timestamp="2022-07-18T11:36:36" tests="0" file="cypress/e2e/errorPages.cy.js" time="0.0000" failures="0">
  </testsuite>
  <testsuite name="Error Pages" timestamp="2022-07-18T11:36:36" tests="0" time="0.0000" failures="0">
  </testsuite>
  <testsuite name="404" timestamp="2022-07-18T11:36:36" tests="1" time="0.0000" failures="1">
    <testcase name="Error Pages 404 Show 404" time="0.0000" classname="Show 404">
      <failure message="`cy.visit()` failed trying to load:

http://localhost:3000/404

We attempted to make an http request to this URL but the request failed without a response.

We received this error at the network level:

  &gt; Error: connect ECONNREFUSED 127.0.0.1:3000

Common situations why this would fail:
  - you don&apos;t have internet access
  - you forgot to run / boot your web server
  - your web server isn&apos;t accessible
  - you have weird network configuration settings on your computer" type="CypressError"><![CDATA[CypressError: `cy.visit()` failed trying to load:

http://localhost:3000/404

We attempted to make an http request to this URL but the request failed without a response.

We received this error at the network level:

  > Error: connect ECONNREFUSED 127.0.0.1:3000

Common situations why this would fail:
  - you don't have internet access
  - you forgot to run / boot your web server
  - your web server isn't accessible
  - you have weird network configuration settings on your computer
    at http://localhost:58339/__cypress/runner/cypress_runner.js:156641:82
    at visitFailedByErr (http://localhost:58339/__cypress/runner/cypress_runner.js:155945:12)
    at http://localhost:58339/__cypress/runner/cypress_runner.js:156640:11
    at tryCatcher (http://localhost:58339/__cypress/runner/cypress_runner.js:13012:23)
    at Promise._settlePromiseFromHandler (http://localhost:58339/__cypress/runner/cypress_runner.js:10947:31)
    at Promise._settlePromise (http://localhost:58339/__cypress/runner/cypress_runner.js:11004:18)
    at Promise._settlePromise0 (http://localhost:58339/__cypress/runner/cypress_runner.js:11049:10)
    at Promise._settlePromises (http://localhost:58339/__cypress/runner/cypress_runner.js:11125:18)
    at _drainQueueStep (http://localhost:58339/__cypress/runner/cypress_runner.js:7719:12)
    at _drainQueue (http://localhost:58339/__cypress/runner/cypress_runner.js:7712:9)
    at Async.../../node_modules/bluebird/js/release/async.js.Async._drainQueues (http://localhost:58339/__cypress/runner/cypress_runner.js:7728:5)
    at Async.drainQueues (http://localhost:58339/__cypress/runner/cypress_runner.js:7598:14)
From Your Spec Code:
    at Context.eval (http://localhost:58339/__cypress/tests?p=cypress/e2e/errorPages.cy.js:108:10)

From Node.js Internals:
  Error: connect ECONNREFUSED 127.0.0.1:3000
      at TCPConnectWrap.afterConnect [as oncomplete] (node:net:1161:16)
  ]]></failure>
    </testcase>
  </testsuite>
</testsuites>