<?xml version="1.0" encoding="UTF-8"?>
<testsuites name="Mocha Tests" time="0.0000" tests="1" failures="1">
  <testsuite name="Root Suite" timestamp="2022-07-18T11:37:55" tests="0" file="cypress/e2e/errorPages.cy.js" time="0.0000" failures="0">
  </testsuite>
  <testsuite name="Error Pages" timestamp="2022-07-18T11:37:55" tests="0" time="0.0000" failures="0">
  </testsuite>
  <testsuite name="404" timestamp="2022-07-18T11:37:55" tests="1" time="0.0000" failures="1">
    <testcase name="Error Pages 404 Show 404" time="0.0000" classname="Show 404">
      <failure message="Timed out retrying after 4000ms: Expected to find element: `h4.page-title`, but never found it." type="AssertionError"><![CDATA[AssertionError: Timed out retrying after 4000ms: Expected to find element: `h4.page-title`, but never found it.
    at Context.eval (http://localhost/__cypress/tests?p=cypress/e2e/errorPages.cy.js:112:31)]]></failure>
    </testcase>
  </testsuite>
</testsuites>